[12/14/14 22:04:56] Thanks for playing KWING!
[12/14/14 22:05:53] [LOG:info] [main] blitwizard startup: calling blitwizard.onInit...
[12/14/14 22:05:53] onInit() Called, entering Game
[12/14/14 22:05:53] [LOG:info] [TEXMAN] [DEVICE] Graphics device was closed.
[12/14/14 22:05:53] [LOG:info] [TEXMAN] [DEVICE] Graphics device was opened.
[12/14/14 22:05:53] [LOG:info] [main] blitwizard startup: Entering main loop...
[12/14/14 22:05:54] [LOG:warning] (main.c:1197) [main] warning: huge hang (37543814 ms) detected, skipping logic
[12/14/14 22:05:54] onClose() Called, destroying Game
[12/14/14 22:05:54] Thanks for playing KWING!


LOGGING STARTED [12/14/14 22:07:23][12/14/14 22:07:23] [LOG:info] [main] blitwizard startup: calling blitwizard.onInit...
[12/14/14 22:07:23] onInit() Called, entering Game
[12/14/14 22:07:23] [LOG:info] [TEXMAN] [DEVICE] Graphics device was closed.
[12/14/14 22:07:23] [LOG:info] [TEXMAN] [DEVICE] Graphics device was opened.
[12/14/14 22:07:23] [LOG:info] [main] blitwizard startup: Entering main loop...
[12/14/14 22:07:24] [LOG:warning] (main.c:1197) [main] warning: huge hang (37633814 ms) detected, skipping logic
[12/14/14 22:07:24] onClose() Called, destroying Game
[12/14/14 22:07:24] Thanks for playing KWING!


LOGGING STARTED [12/14/14 22:07:32]
[12/14/14 22:07:32] [LOG:info] [main] blitwizard startup: calling blitwizard.onInit...
[12/14/14 22:07:32] onInit() Called, entering Game
[12/14/14 22:07:33] [LOG:info] [TEXMAN] [DEVICE] Graphics device was closed.
[12/14/14 22:07:33] [LOG:info] [TEXMAN] [DEVICE] Graphics device was opened.
[12/14/14 22:07:33] [LOG:info] [main] blitwizard startup: Entering main loop...
[12/14/14 22:07:33] [LOG:warning] (main.c:1197) [main] warning: huge hang (37643127 ms) detected, skipping logic
[12/14/14 22:07:33] onClose() Called, destroying Game
[12/14/14 22:07:33] Thanks for playing KWING!


LOGGING STARTED [12/14/14 22:07:44]

[12/14/14 22:07:44] [LOG:info] [main] blitwizard startup: calling blitwizard.onInit...
[12/14/14 22:07:44] onInit() Called, entering Game
[12/14/14 22:07:44] [LOG:info] [TEXMAN] [DEVICE] Graphics device was closed.
[12/14/14 22:07:44] [LOG:info] [TEXMAN] [DEVICE] Graphics device was opened.
[12/14/14 22:07:44] [LOG:info] [main] blitwizard startup: Entering main loop...
[12/14/14 22:07:44] [LOG:warning] (main.c:1197) [main] warning: huge hang (37654330 ms) detected, skipping logic
[12/14/14 22:07:45] onClose() Called, destroying Game
[12/14/14 22:07:45] Thanks for playing KWING!


<< Logging Session started at [12/14/14 22:08:39] >>

[12/14/14 22:08:39] [LOG:info] [main] blitwizard startup: calling blitwizard.onInit...
[12/14/14 22:08:39] onInit() Called, entering Game
[12/14/14 22:08:39] [LOG:info] [TEXMAN] [DEVICE] Graphics device was closed.
[12/14/14 22:08:39] [LOG:info] [TEXMAN] [DEVICE] Graphics device was opened.
[12/14/14 22:08:39] [LOG:info] [main] blitwizard startup: Entering main loop...
[12/14/14 22:08:39] [LOG:warning] (main.c:1197) [main] warning: huge hang (37709564 ms) detected, skipping logic
[12/14/14 22:08:40] onClose() Called, destroying Game
[12/14/14 22:08:40] Thanks for playing KWING!


<< Logging Session started at 12/14/14 22:08:54 >>

[12/14/14 22:08:54] [LOG:info] [main] blitwizard startup: calling blitwizard.onInit...
[12/14/14 22:08:54] onInit() Called, entering Game
[12/14/14 22:08:54] [LOG:info] [TEXMAN] [DEVICE] Graphics device was closed.
[12/14/14 22:08:54] [LOG:info] [TEXMAN] [DEVICE] Graphics device was opened.
[12/14/14 22:08:54] [LOG:info] [main] blitwizard startup: Entering main loop...
[12/14/14 22:08:54] [LOG:warning] (main.c:1197) [main] warning: huge hang (37724345 ms) detected, skipping logic
[12/14/14 22:08:55] onClose() Called, destroying Game
[12/14/14 22:08:55] Thanks for playing KWING!


<< Logging Session started at 12/14/14 22:10:13 >>

[12/14/14 22:10:13] [LOG:info] [main] blitwizard startup: calling blitwizard.onInit...
[12/14/14 22:10:13] onInit() Called, entering Game
[12/14/14 22:10:14] [LOG:info] [TEXMAN] [DEVICE] Graphics device was closed.
[12/14/14 22:10:14] [LOG:info] [TEXMAN] [DEVICE] Graphics device was opened.
[12/14/14 22:10:14] [LOG:info] [main] blitwizard startup: Entering main loop...
[12/14/14 22:10:14] [LOG:warning] (main.c:1197) [main] warning: huge hang (37803970 ms) detected, skipping logic
[12/14/14 22:10:15] onClose() Called, destroying Game
[12/14/14 22:10:15] Thanks for playing KWING!


<< Logging Session started at 12/14/14 22:11:42 >>

[12/14/14 22:11:42] [LOG:info] [main] blitwizard startup: calling blitwizard.onInit...
[12/14/14 22:11:42] onInit() Called, entering Game


<< Logging Session started at 12/14/14 22:11:51 >>

[12/14/14 22:11:51] [LOG:info] [main] blitwizard startup: calling blitwizard.onInit...
[12/14/14 22:11:51] onInit() Called, entering Game


<< Logging Session started at 12/14/14 22:12:09 >>

[12/14/14 22:12:09] [LOG:info] [main] blitwizard startup: calling blitwizard.onInit...
[12/14/14 22:12:09] onInit() Called, entering Game


<< Logging Session started at 12/14/14 22:12:27 >>

[12/14/14 22:12:27] [LOG:info] [main] blitwizard startup: calling blitwizard.onInit...
[12/14/14 22:12:27] onInit() Called, entering Game
[12/14/14 22:12:28] [LOG:info] [TEXMAN] [DEVICE] Graphics device was closed.
[12/14/14 22:12:28] [LOG:info] [TEXMAN] [DEVICE] Graphics device was opened.
[12/14/14 22:12:28] [LOG:info] [main] blitwizard startup: Entering main loop...
[12/14/14 22:12:28] [LOG:warning] (main.c:1197) [main] warning: huge hang (37938033 ms) detected, skipping logic
[12/14/14 22:12:29] onClose() Called, destroying Game
[12/14/14 22:12:29] Thanks for playing KWING!


<< Logging Session started at 12/14/14 22:13:14 >>

[12/14/14 22:13:14] [LOG:info] [main] blitwizard startup: calling blitwizard.onInit...
[12/14/14 22:13:14] onInit() Called, entering Game
[12/14/14 22:13:14] [LOG:info] [TEXMAN] [DEVICE] Graphics device was closed.
[12/14/14 22:13:14] [LOG:info] [TEXMAN] [DEVICE] Graphics device was opened.
[12/14/14 22:13:14] [LOG:info] [main] blitwizard startup: Entering main loop...
[12/14/14 22:13:15] [LOG:warning] (main.c:1197) [main] warning: huge hang (37984892 ms) detected, skipping logic
[12/14/14 22:13:15] onClose() Called, destroying Game
[12/14/14 22:13:15] Thanks for playing KWING!


<< Logging Session started at 12/14/14 22:13:21 >>

[12/14/14 22:13:21] [LOG:info] [main] blitwizard startup: calling blitwizard.onInit...
[12/14/14 22:13:21] onInit() Called, entering Game
[12/14/14 22:13:21] [LOG:info] [TEXMAN] [DEVICE] Graphics device was closed.
[12/14/14 22:13:21] [LOG:info] [TEXMAN] [DEVICE] Graphics device was opened.
[12/14/14 22:13:21] [LOG:info] [main] blitwizard startup: Entering main loop...
[12/14/14 22:13:21] [LOG:warning] (main.c:1197) [main] warning: huge hang (37991736 ms) detected, skipping logic
[12/14/14 22:13:22] onClose() Called, destroying Game
[12/14/14 22:13:22] Thanks for playing KWING!


<< Logging Session started at 12/14/14 22:14:12 >>

[12/14/14 22:14:12] [LOG:info] [main] blitwizard startup: calling blitwizard.onInit...
[12/14/14 22:14:12] onInit() Called, entering Game
[12/14/14 22:14:12] [LOG:info] [TEXMAN] [DEVICE] Graphics device was closed.
[12/14/14 22:14:12] [LOG:info] [TEXMAN] [DEVICE] Graphics device was opened.
[12/14/14 22:14:12] [LOG:info] [main] blitwizard startup: Entering main loop...
[12/14/14 22:14:12] [LOG:warning] (main.c:1197) [main] warning: huge hang (38042627 ms) detected, skipping logic
[12/14/14 22:14:13] onClose() Called, destroying Game
[12/14/14 22:14:13] Thanks for playing KWING!


<< Logging Session started at 12/14/14 22:15:22 >>

[12/14/14 22:15:22] [LOG:info] [main] blitwizard startup: calling blitwizard.onInit...
[12/14/14 22:15:22] onInit() Called, entering Game
[12/14/14 22:15:23] [LOG:info] [TEXMAN] [DEVICE] Graphics device was closed.
[12/14/14 22:15:23] [LOG:info] [TEXMAN] [DEVICE] Graphics device was opened.
[12/14/14 22:15:23] [LOG:info] [main] blitwizard startup: Entering main loop...
[12/14/14 22:15:23] [LOG:warning] (main.c:1197) [main] warning: huge hang (38113080 ms) detected, skipping logic
[12/14/14 22:15:24] onClose() Called, destroying Game
[12/14/14 22:15:24] Thanks for playing KWING!


<< Logging Session started at 12/14/14 22:15:32 >>

[12/14/14 22:15:32] [LOG:info] [main] blitwizard startup: calling blitwizard.onInit...
[12/14/14 22:15:32] onInit() Called, entering Game
[12/14/14 22:15:33] [LOG:info] [TEXMAN] [DEVICE] Graphics device was closed.
[12/14/14 22:15:33] [LOG:info] [TEXMAN] [DEVICE] Graphics device was opened.
[12/14/14 22:15:33] [LOG:info] [main] blitwizard startup: Entering main loop...
[12/14/14 22:15:33] [LOG:warning] (main.c:1197) [main] warning: huge hang (38123173 ms) detected, skipping logic
[12/14/14 22:15:34] onClose() Called, destroying Game
[12/14/14 22:15:34] Thanks for playing KWING!
